<?xml version="1.0" encoding="UTF-8"?>
<testsuite name="kotlinx.kover.test.android.LocalLibTests" tests="1" skipped="0" failures="0" errors="0" timestamp="2024-06-13T22:21:03" hostname="L49MXKQH1F" time="0.007">
  <properties/>
  <testcase name="testDebugUtils" classname="kotlinx.kover.test.android.LocalLibTests" time="0.007"/>
  <system-out><![CDATA[LIB DEBUG: generate Int
]]></system-out>
  <system-err><![CDATA[]]></system-err>
</testsuite>
